<?xml version="1.0" encoding="UTF-8"?>
<!-- Generated by org.testng.reporters.JUnitReportReporter -->
<testsuite skipped="0" hostname="KunalSurushe" name="com.inetBanking.testCases.TC_LoginTest_001" tests="1" failures="0" timestamp="31 Dec 2020 12:10:54 GMT" time="1.921" errors="0">
  <testcase name="loginTest" time="1.921" classname="com.inetBanking.testCases.TC_LoginTest_001"/>
</testsuite> <!-- com.inetBanking.testCases.TC_LoginTest_001 -->
