<?xml version="1.0" encoding="UTF-8"?>
<!-- Generated by org.testng.reporters.JUnitReportReporter -->
<testsuite skipped="0" hostname="KunalSurushe" name="com.inetBanking.testCases.TC_AddCustomerTest_003" tests="1" failures="0" timestamp="30 Dec 2020 13:35:57 GMT" time="29.814" errors="0">
  <testcase name="addNewCustomer" time="29.814" classname="com.inetBanking.testCases.TC_AddCustomerTest_003"/>
</testsuite> <!-- com.inetBanking.testCases.TC_AddCustomerTest_003 -->
