<?xml version="1.0" encoding="UTF-8"?>
<!-- Generated by org.testng.reporters.JUnitReportReporter -->
<testsuite skipped="0" hostname="KunalSurushe" name="com.inetBanking.testCases.TC_LoginTest_001" tests="1" failures="0" timestamp="30 Dec 2020 13:35:57 GMT" time="5.017" errors="0">
  <testcase name="loginTest" time="5.017" classname="com.inetBanking.testCases.TC_LoginTest_001"/>
</testsuite> <!-- com.inetBanking.testCases.TC_LoginTest_001 -->
