<?xml version="1.0" encoding="UTF-8"?>
<!-- Generated by org.testng.reporters.JUnitReportReporter -->
<testsuite hostname="KunalSurushe" failures="0" tests="1" name="com.inetBanking.testCases.TC_LoginDDT_002" time="0.000" errors="0" timestamp="29 Dec 2020 12:52:06 GMT" skipped="1">
  <testcase classname="com.inetBanking.testCases.TC_LoginDDT_002" name="loginDDT" time="0.000">
    <skipped/>
  </testcase> <!-- loginDDT -->
</testsuite> <!-- com.inetBanking.testCases.TC_LoginDDT_002 -->
